[prefetch]
        actors\2018\trader               = 0.303
        actors\act_vergas                = 0.251
        actors\act_wolf                  = 0.263
        actors\bandit\stalker_bandit_4   = 0.294
        actors\bandit\stalker_bandit_5   = 1.000000
        actors\corpses\dead_neytral_st2  = 0.232
        actors\corpses\green_stalker_1_stage2 = 0.239
        actors\corpses\green_stalker_1_stage3 = 0.281
        actors\hero\stalker_hood         = 1.000000
        actors\hero\stalker_novice       = 0.226
        actors\hunters\hunter1           = 0.548
        actors\hunters\hunter_dan        = 0.255
        actors\izgoy\izgoy               = 0.252
        actors\med_tremor                = 0.278
        actors\neytral\stalker_bar_security = 0.250
        actors\novice\green_stalker_2    = 1.000000
        actors\novice\green_stalker_3    = 1.000000
        actors\novice\green_stalker_4    = 1.000000
        actors\novice\green_stalker_5    = 1.000000
        actors\soldier\soldier_bandana   = 1.000000
        actors\soldier\soldier_bandana_1 = 1.000000
        actors\soldier\soldier_bandana_2 = 0.458
        actors\soldier\soldier_bandana_5 = 1.000000
        actors\soldier\soldier_beret_1   = 0.480
        actors\soldier\soldier_beret_5   = 0.530
        actors\soldier\soldier_obichniy  = 1.000000
        actors\soldier\soldier_spetsnaz  = 0.270
        actors\trader\trader             = 0.256
        amk\amk_ballon                   = 1.000000
        amk\door_trader                  = 0.285
        amk\item_zapiska                 = 1.000000
        amk\item_zapiska_esc             = 0.261
        dinamics\artefacts\af_ice        = 0.276
        dynamics\workshop_room\lopata    = 0.221
        equipments\clocki                = 0.531
        equipments\disel_generator       = 0.228
        equipments\drink_nonstop         = 1.000000
        equipments\drink_nonstop_old     = 1.000000
        equipments\drink_stalker         = 1.000000
        equipments\item_antirad          = 0.238
        equipments\item_aptechka         = 0.292
        equipments\item_bandage          = 1.000000
        equipments\item_boar_leg         = 0.484
        equipments\item_datchik1         = 0.520
        equipments\item_delp2            = 0.496
        equipments\item_delp3            = 0.520
        equipments\item_document_sid     = 0.256
        equipments\item_fmradio          = 0.283
        equipments\item_guitar           = 0.224
        equipments\item_klava            = 0.239
        equipments\item_merger           = 0.180
        equipments\item_notebook         = 0.271
        equipments\item_pda              = 1.000000
        equipments\item_rukzak           = 1.000000
        equipments\item_transiver        = 0.192
        equipments\light_night           = 1.000000
        equipments\novice_suit           = 1.000000
        equipments\stalker_killer_suit   = 0.254
        equipments\stalker_suit          = 1.000000
        food\conserv1                    = 0.267
        monster_items\face_tushkano      = 1.000000
        monsters\crow\crow               = 1.000000
        monsters\dog\dog                 = 1.000000
        monsters\dog\dog_bulterier       = 1.000000
        monsters\dog\dog_white           = 0.455
        monsters\flesh\flesh             = 0.542
        monsters\mutant_boar\mutant_boar = 1.000000
        monsters\rat\rat_1               = 1.000000
        monsters\rat\rat_normal          = 1.000000
        monsters\rat\rat_weak            = 1.000000
        monsters\tushkano\tushkano       = 1.000000
        new_item\8_art_box_door          = 0.310
        new_item\agregat                 = 0.240
        new_item\akkumuliator_2          = 1.000000
        new_item\ammobox_wood            = 1.000000
        new_item\art_box_red             = 0.522
        new_item\belt_2_art              = 1.000000
        new_item\drug_booster            = 0.241
        new_item\duracell                = 1.000000
        new_item\dverca_pechki           = 0.216
        new_item\dverca_pechki_2         = 0.243
        new_item\flag_ua                 = 0.249
        new_item\fljaga                  = 1.000000
        new_item\fluger                  = 0.252
        new_item\gas_burner              = 1.000000
        new_item\generator               = 0.198
        new_item\item_podsumok           = 1.000000
        new_item\item_rykzack            = 0.297
        new_item\item_spichki            = 1.000000
        new_item\kerosinka               = 0.261
        new_item\koster_palki            = 0.224
        new_item\luk_pogreb              = 0.252
        new_item\master_stol             = 0.232
        new_item\min_box                 = 0.265
        new_item\mogila                  = 0.211
        new_item\most_zaz                = 0.218
        new_item\nardu                   = 0.214
        new_item\nlc_ammobox             = 1.000000
        new_item\notes_letter_3          = 0.241
        new_item\notes_writing_book_2    = 0.305
        new_item\plakat_1                = 0.271
        new_item\plakat_6                = 0.276
        new_item\pokrushka               = 1.000000
        new_item\posylka                 = 1.000000
        new_item\primus                  = 1.000000
        new_item\rub_1                   = 1.000000
        new_item\rub_3                   = 0.510
        new_item\shtorka_big             = 0.277
        new_item\sleeping_bag            = 1.000000
        new_item\speakerphone            = 0.259
        new_item\spiral_kom              = 0.287
        new_item\stol_2                  = 0.259
        new_item\strelok_tv              = 0.247
        new_item\taburet_village         = 0.218
        new_item\tachka_s_ballonami      = 1.000000
        new_item\thrash_bochka           = 0.237
        new_item\thrash_bochka_2         = 0.259
        new_item\umuvalnik               = 0.235
        new_item\zanaveska               = 0.225
        objects\fireplace\fireplace_1    = 1.000000
        objects\fireplace\fireplace_2    = 1.000000
        objects\fireplace\fireplace_3    = 1.000000
        objects\stuff\train_vagon_zerno  = 0.276
        objects\trees\trees_elka_1_01    = 0.245
        physics\anomaly\artefact_blackdrip = 0.257
        physics\balon\balon_02           = 0.291
        physics\balon\bochka_close_1     = 1.000000
        physics\balon\bochka_close_3     = 1.000000
        physics\balon\bomb_01            = 0.479
        physics\balon\kanistra           = 1.000000
        physics\box\bochka               = 1.000000
        physics\box\box_1c               = 0.296
        physics\box\box_gorb             = 0.265
        physics\box\box_lab_022          = 1.000000
        physics\box\box_metall_01        = 0.233
        physics\box\box_wood_01          = 0.292
        physics\box\box_wood_tara        = 0.243
        physics\box\expl_dinamit         = 0.227
        physics\box\medbox               = 0.268
        physics\box\medbox2              = 1.000000
        physics\dead_body\skelet_combine_pose_00 = 1.000000
        physics\dead_body\skelet_combine_pose_01 = 1.000000
        physics\dead_body\skelet_combine_pose_06 = 0.260
        physics\decor\bag_01             = 0.237
        physics\decor\bottle_bar_stakan  = 1.000000
        physics\decor\butilka_vodka_01   = 1.000000
        physics\decor\fire_vedro         = 0.257
        physics\decor\kitchen_krujka     = 0.275
        physics\decor\kitchen_lojka      = 0.298
        physics\decor\ognetushitel       = 1.000000
        physics\decor\priemnik_gorizont  = 1.000000
        physics\decor\rupor              = 0.250
        physics\decor\sign_mine          = 1.000000
        physics\decor\teapot_1           = 0.229
        physics\decor\tiski              = 1.000000
        physics\decor\tv_1_br            = 0.214
        physics\decor\vedro_01           = 1.000000
        physics\decor\ventilator_01      = 0.272
        physics\door\cabinet_village_140x210_ph_door_l = 1.000000
        physics\door\cabinet_village_140x210_ph_door_r = 1.000000
        physics\door\door_traders_box    = 1.000000
        physics\equipment_cache\box_camp_anim = 0.244
        physics\equipment_cache\box_camp_metal = 0.304
        physics\equipment_cache\box_camp_metal2 = 1.000000
        physics\equipment_cache\box_camp_wood_2 = 0.261
        physics\equipment_cache\equipment_box_01_case_no = 1.000000
        physics\equipment_cache\equipment_box_02_case = 1.000000
        physics\equipment_cache\equipment_cross_1_case = 0.236
        physics\equipment_cache\equipment_cross_2_case = 0.250
        physics\equipment_cache\equipment_instrument_case_01_case = 1.000000
        physics\equipment_cache\equipment_pipe_02_case = 1.000000
        physics\equipment_cache\equipment_rucksack_01_case = 1.000000
        physics\equipment_cache\equipment_rucksack_02_case = 1.000000
        physics\equipment_cache\equipment_seif_02_case = 0.196
        physics\keyboard\lab_primary_switcher = 0.279
        physics\large_trash\luk_pogreb   = 0.226
        physics\large_trash\poddon       = 0.224
        physics\large_trash\water_tower  = 0.296
        physics\light\lampa01_v          = 0.290
        physics\light\lampa_01_on        = 1.000000
        physics\light\new_light\light_alarm_glass = 1.000000
        physics\light\new_light\light_galogen_1_glass = 1.000000
        physics\light\new_light\light_white_glass = 0.297
        physics\prop_3bloks              = 0.245
        physics\rope\rope_01             = 0.301
        physics\small_trash\doski_br_02  = 0.298
        physics\small_trash\wood_board_br_01 = 1.000000
        physics\small_trash\wood_board_br_01a = 0.269
        physics\small_trash\wood_board_br_01b = 0.219
        physics\stul\stul_wood_01        = 1.000000
        physics\stul\taburet_wood_01     = 0.281
        physics\vehicles\btr\veh_btr_u_01 = 1.000000
        physics\vehicles\kamaz\trash_kamaz_korpus3 = 0.295
        physics\vehicles\mi24\veh_mi24_u_01 = 1.000000
        weapons\ak-74u\ak74u             = 1.000000
        weapons\ak-74u\wpn_ak74u_hud     = 0.293
        weapons\ak74\wpn_ak74pbn         = 0.210
        weapons\ak74\wpn_ak74pbn_hud     = 0.292
        weapons\ammo\ammo_1143x23_fmj    = 0.247
        weapons\ammo\ammo_12x70_buck     = 1.000000
        weapons\ammo\ammo_12x70_kart     = 1.000000
        weapons\ammo\ammo_545x39_ap      = 1.000000
        weapons\ammo\ammo_545x39_fmj     = 1.000000
        weapons\ammo\ammo_762x39_ap      = 1.000000
        weapons\ammo\ammo_9x18_fmj       = 1.000000
        weapons\ammo\ammo_9x18_pmm       = 1.000000
        weapons\ammo\ammo_9x19_pbp       = 1.000000
        weapons\artefact\wpn_artefact_hud = 0.280
        weapons\binoculars\wpn_binoculars = 1.000000
        weapons\binoculars\wpn_binoculars_hud = 0.248
        weapons\bolt\wpn_bolt            = 0.268
        weapons\bolt\wpn_bolt_hud        = 0.277
        weapons\bred\bred                = 1.000000
        weapons\fort\wpn_fort            = 0.181
        weapons\fort\wpn_fort17          = 0.542
        weapons\fort\wpn_fort17_hud      = 0.499
        weapons\fort\wpn_fort_hud        = 0.229
        weapons\grenade\wpn_f_1          = 1.000000
        weapons\grenade\wpn_f_1_hud      = 1.000000
        weapons\grenade\wpn_rgd_5        = 1.000000
        weapons\grenade\wpn_rgd_5_hud    = 0.510
        weapons\groza\wpn_groza          = 0.250
        weapons\knife\wpn_knife          = 1.000000
        weapons\knife\wpn_knife_hud      = 0.222
        weapons\kolbasa\kolbasa          = 1.000000
        weapons\mp5\wpn_mp5              = 0.257
        weapons\mp5\wpn_mp5_hud          = 0.245
        weapons\pm\wpn_pm                = 1.000000
        weapons\pm\wpn_pm_hud            = 0.234
        weapons\rpg_7\wpn_rpg_7_grenade  = 0.286
        weapons\toz34\wpn_toz34_ext      = 0.222
        weapons\toz66\wpn_toz66_short    = 1.000000
        weapons\toz66\wpn_toz66_short_hud = 0.237
        weapons\usp_45\wpn_usp_45        = 0.275
        weapons\usp_45\wpn_usp_45_hud    = 0.238
        weapons\vodka\vodka              = 1.000000
        weapons\walter_99\wpn_walter_99  = 0.286
        weapons\walter_99\wpn_walter_99_hud = 0.198
        weaponsv\ak74m\wpn_ak74m         = 0.231
        weaponsv\ak74m\wpn_ak74m_hud     = 0.203
        weaponsv\soc94\wpn_soc94         = 0.252
        weaponsv\soc94\wpn_soc94_hud     = 0.239
        weaponsv\toz34\wpn_toz34         = 1.000000
        weaponsv\toz34\wpn_toz34_hud     = 0.549
 
